"../../../Engine/Content/Functions/Engine_MaterialFunctions01/Opacity/CameraDepthFade.uasset" 0
"../../../Engine/Content/EngineMaterials/T_Default_Material_Grid_M.uasset" 1
"../../../Engine/Content/EngineMaterials/T_Default_Material_Grid_N.uasset" 2
"../../../Engine/Content/EngineMaterials/WorldGridMaterial.uasset" 3
"../../../Engine/Content/ArtTools/RenderToTexture/Meshes/S_1_Unit_Plane.uasset" 4
"../../../Engine/Content/EngineMaterials/DefaultMaterial.uasset" 5
"../../../Engine/Content/BasicShapes/Cone.uasset" 6
"../../../Engine/Content/BasicShapes/Cylinder.uasset" 7
"../../../Engine/Content/BasicShapes/Plane.uasset" 8
"../../../Engine/Content/EditorLandscapeResources/DataLayer.uasset" 9
"../../../Engine/Content/EditorMaterials/GizmoMaterial.uasset" 10
"../../../Engine/Content/EditorMaterials/MAT_Groups_Toggle.uasset" 11
"../../../Engine/Content/EditorMaterials/MAT_Groups_Visibility.uasset" 12
"../../../Engine/Content/EditorMaterials/PreviewShadowIndicator.uasset" 13
"../../../Engine/Content/EditorMaterials/PreviewShadowIndicatorMaterial.uasset" 14
"../../../Engine/Content/EditorMaterials/MatineeGroups/MAT_ColorTrack.uasset" 15
"../../../Engine/Content/EditorMaterials/MatineeGroups/MAT_Groups_Anim.uasset" 16
"../../../Engine/Content/EditorMaterials/MatineeGroups/MAT_Groups_AudioMaster.uasset" 17
"../../../Engine/Content/EditorMaterials/MatineeGroups/MAT_Groups_Director.uasset" 18
"../../../Engine/Content/EditorMaterials/MatineeGroups/MAT_Groups_Event.uasset" 19
"../../../Engine/Content/EditorMaterials/MatineeGroups/MAT_Groups_Fade.uasset" 20
"../../../Engine/Content/EditorMaterials/MatineeGroups/MAT_Groups_Float.uasset" 21
"../../../Engine/Content/EditorMaterials/MatineeGroups/MAT_Groups_Move.uasset" 22
"../../../Engine/Content/EditorMaterials/MatineeGroups/MAT_Groups_Slomo.uasset" 23
"../../../Engine/Content/EditorMaterials/MatineeGroups/MAT_Groups_Sound.uasset" 24
"../../../Engine/Content/EditorMaterials/MatineeGroups/MAT_Groups_Vector.uasset" 25
"../../../Engine/Content/EditorMaterials/ParticleSystems/PSysThumbnail_NoImage.uasset" 26
"../../../Engine/Content/EditorMaterials/ParticleSystems/PSysThumbnail_OOD.uasset" 27
"../../../Engine/Content/EditorMaterials/Camera/CineMat.uasset" 28
"../../../Engine/Content/EditorMaterials/Camera/MI_CineMat_Rig.uasset" 29
"../../../Engine/Content/EditorMeshes/Camera/SM_CraneRig_Arm.uasset" 30
"../../../Engine/Content/EditorMeshes/Camera/SM_CraneRig_Base.uasset" 31
"../../../Engine/Content/EditorMeshes/Camera/SM_CraneRig_Body.uasset" 32
"../../../Engine/Content/EditorMeshes/Camera/SM_CraneRig_Mount.uasset" 33
"../../../Engine/Content/EditorMeshes/Camera/SM_RailRig_Mount.uasset" 34
"../../../Engine/Content/EditorMeshes/Camera/SM_RailRig_Track.uasset" 35
"../../../Engine/Content/EditorResources/BSPVertex.uasset" 36
"../../../Engine/Content/EditorResources/S_Actor.uasset" 37
"../../../Engine/Content/EditorResources/S_Trigger.uasset" 38
"../../../Engine/Content/EditorResources/SequenceRecorder/Countdown.uasset" 39
"../../../Engine/Content/EditorResources/SequenceRecorder/RecordingIndicator.uasset" 40
"../../../Engine/Content/EditorSounds/Notifications/CompileFailed.uasset" 41
"../../../Engine/Content/EditorSounds/Notifications/CompileFailed_Cue.uasset" 42
"../../../Engine/Content/EditorSounds/Notifications/CompileSuccess.uasset" 43
"../../../Engine/Content/EditorSounds/Notifications/CompileStart_Cue.uasset" 44
"../../../Engine/Content/EditorSounds/Notifications/CompileSuccess_Cue.uasset" 45
"../../../Engine/Content/EngineDamageTypes/DmgTypeBP_Environmental.uasset" 46
"../../../Engine/Content/EngineDebugMaterials/HeatmapGradient.uasset" 47
"../../../Engine/Content/EngineDebugMaterials/BoneWeightMaterial.uasset" 48
"../../../Engine/Content/EngineDebugMaterials/ClothMaterial.uasset" 49
"../../../Engine/Content/EngineDebugMaterials/ClothMaterial_WF.uasset" 50
"../../../Engine/Content/EngineDebugMaterials/DebugEditorMaterial.uasset" 51
"../../../Engine/Content/EngineDebugMaterials/DebugMeshMaterial.uasset" 52
"../../../Engine/Content/EngineDebugMaterials/GeomMaterial.uasset" 53
"../../../Engine/Content/EngineDebugMaterials/M_SimpleTranslucent.uasset" 54
"../../../Engine/Content/EngineFonts/Faces/RobotoBold.uasset" 55
"../../../Engine/Content/EngineFonts/Faces/RobotoBoldItalic.uasset" 56
"../../../Engine/Content/EngineFonts/Faces/RobotoItalic.uasset" 57
"../../../Engine/Content/EngineFonts/Faces/RobotoLight.uasset" 58
"../../../Engine/Content/EngineFonts/Faces/RobotoRegular.uasset" 59
"../../../Engine/Content/EngineFonts/Roboto.uasset" 60
"../../../Engine/Content/EngineFonts/Faces/RobotoTiny.uasset" 61
"../../../Engine/Content/EngineFonts/RobotoTiny.uasset" 62
"../../../Engine/Content/EngineMaterials/BaseFlattenDiffuseMap.uasset" 63
"../../../Engine/Content/EngineMaterials/BaseFlattenEmissiveMap.uasset" 64
"../../../Engine/Content/EngineMaterials/BaseFlattenGrayscaleMap.uasset" 65
"../../../Engine/Content/EngineMaterials/BaseFlattenNormalMap.uasset" 66
"../../../Engine/Content/EngineMaterials/BaseFlattenMaterial.uasset" 67
"../../../Engine/Content/EngineMaterials/DefaultBloomKernel.uasset" 68
"../../../Engine/Content/EngineMaterials/DefaultBokeh.uasset" 69
"../../../Engine/Content/EngineMaterials/DefaultDiffuse.uasset" 70
"../../../Engine/Content/EngineMaterials/DefaultDeferredDecalMaterial.uasset" 71
"../../../Engine/Content/EngineMaterials/DefaultLightFunctionMaterial.uasset" 72
"../../../Engine/Content/Functions/Engine_MaterialFunctions02/Utility/BreakOutFloat2Components.uasset" 73
"../../../Engine/Content/EngineMaterials/DefaultPostProcessMaterial.uasset" 74
"../../../Engine/Content/EngineFonts/RobotoDistanceField.uasset" 75
"../../../Engine/Content/EngineMaterials/DefaultTextMaterialOpaque.uasset" 76
"../../../Engine/Content/EngineMaterials/DefaultWhiteGrid.uasset" 77
"../../../Engine/Content/EngineMaterials/EditorBrushMaterial.uasset" 78
"../../../Engine/Content/EngineMaterials/Good64x64TilingNoiseHighFreq.uasset" 79
"../../../Engine/Content/EngineMaterials/MiniFont.uasset" 80
"../../../Engine/Content/EngineMaterials/InvalidLightmapSettings.uasset" 81
"../../../Engine/Content/EngineMaterials/M_InvalidLightmapSettings.uasset" 82
"../../../Engine/Content/Functions/Engine_MaterialFunctions02/WorldPositionOffset/CameraOffset.uasset" 83
"../../../Engine/Content/EngineMaterials/PhAT_JointLimitMaterial.uasset" 84
"../../../Engine/Content/EngineMaterials/PreintegratedSkinBRDF.uasset" 85
"../../../Engine/Content/EngineMaterials/RemoveSurfaceMaterial.uasset" 86
"../../../Engine/Content/EngineMaterials/WeightMapPlaceholderTexture.uasset" 87
"../../../Engine/Content/EngineResources/WhiteSquareTexture.uasset" 88
"../../../Engine/Content/EngineMaterials/Widget3DPassThrough.uasset" 89
"../../../Engine/Content/EngineMaterials/Widget3DPassThrough_Masked.uasset" 90
"../../../Engine/Content/EngineMaterials/Widget3DPassThrough_Opaque.uasset" 91
"../../../Engine/Content/EngineMaterials/Widget3DPassThrough_Masked_OneSided.uasset" 92
"../../../Engine/Content/EngineMaterials/Widget3DPassThrough_Opaque_OneSided.uasset" 93
"../../../Engine/Content/EngineMaterials/Widget3DPassThrough_Translucent.uasset" 94
"../../../Engine/Content/EngineMaterials/Widget3DPassThrough_Translucent_OneSided.uasset" 95
"../../../Engine/Content/EngineMeshes/Cylinder.uasset" 96
"../../../Engine/Content/EngineMeshes/Sphere.uasset" 97
"../../../Engine/Content/EngineResources/Black.uasset" 98
"../../../Engine/Content/EngineResources/DefaultTexture.uasset" 99
"../../../Engine/Content/EngineResources/DefaultTextureCube.uasset" 100
"../../../Engine/Content/EngineResources/DefaultVolumeTexture2D.uasset" 101
"../../../Engine/Content/EngineResources/DefaultVolumeTexture.uasset" 102
"../../../Engine/Content/EngineResources/GradientTexture0.uasset" 103
"../../../Engine/Content/EngineSounds/Master.uasset" 104
"../../../Engine/Content/Functions/Engine_MaterialFunctions01/Shading/ConvertFromDiffSpec.uasset" 105
"../../../Engine/Content/Functions/Engine_MaterialFunctions01/Shading/PowerToRoughness.uasset" 106
"../../../Engine/Content/Maps/Templates/Thumbnails/Default.uasset" 107
"../../../Engine/Content/Maps/Templates/Thumbnails/VR-Basic.uasset" 108
"../../../Engine/Content/MobileResources/T_MobileControls_texture.uasset" 109
"../../../Engine/Content/MobileResources/T_MobileMenu2.uasset" 110
"../../../Engine/Content/MobileResources/HUD/AnalogHat.uasset" 111
"../../../Engine/Content/MobileResources/HUD/VirtualJoystick_Background.uasset" 112
"../../../Engine/Content/MobileResources/HUD/VirtualJoystick_Thumb.uasset" 113
"../../../Engine/Content/MobileResources/HUD/DefaultVirtualJoysticks.uasset" 114
"../../../Engine/Content/MobileResources/HUD/LeftVirtualJoystickOnly.uasset" 115
"../../../Engine/Content/MobileResources/HUD/MobileHUDButton1_off.uasset" 116
"../../../Engine/Content/MobileResources/HUD/MobileHUDButton1_on.uasset" 117
"../../../Engine/Content/MobileResources/HUD/MobileHUDButton2_off.uasset" 118
"../../../Engine/Content/MobileResources/HUD/MobileHUDButton2_on.uasset" 119
"../../../Engine/Content/MobileResources/HUD/MobileHUDButton3.uasset" 120
"../../../Engine/Content/MobileResources/HUD/MobileHUDButtonFire.uasset" 121
"../../../Engine/Content/MobileResources/HUD/MobileHUDDirectionPad.uasset" 122
"../../../Engine/Content/MobileResources/HUD/MobileHUDDirectionPad2.uasset" 123
"../../../Engine/Content/MobileResources/HUD/MobileHUDDirectionPad3.uasset" 124
"../../../Engine/Content/MobileResources/HUD/MobileHUDDirectionStick.uasset" 125
"../../../Engine/Content/MobileResources/HUD/T_Castle_ThumbstickInner.uasset" 126
"../../../Engine/Content/MobileResources/HUD/T_Castle_ThumbstickOutter.uasset" 127
"../../../Engine/Content/Tutorial/ContentIntroCurve.uasset" 128
"../../../Engine/Content/Tutorial/Basics/TutorialAssets/icon_tab_Levels_40x.uasset" 129
"../../../Engine/Content/Tutorial/SubEditors/TutorialAssets/T_SmokeSubUV_8X8.uasset" 130
"../../../Engine/Content/Tutorial/SubEditors/TutorialAssets/T_soft_smoke.uasset" 131
"../../../Engine/Content/Tutorial/SubEditors/TutorialAssets/M_smoke_subUV_blackbody.uasset" 132
"../../../Engine/Content/Tutorial/SubEditors/TutorialAssets/TutorialParticleSystem.uasset" 133
"../../../Engine/Content/VREditor/LaserPointer/VR_LaserPower_01.uasset" 134
"../../../Engine/Content/VREditor/TransformGizmo/TransformGizmoMaterial.uasset" 135
"../../../Engine/Content/VREditor/TransformGizmo/TranslucentTransformGizmoMaterial.uasset" 136
"../../../Engine/Content/VREditor/TransformGizmo/BoundingBoxCorner.uasset" 137
"../../../Engine/Content/VREditor/TransformGizmo/BoundingBoxEdge.uasset" 138
"../../../Engine/Content/VREditor/TransformGizmo/PlaneTranslationHandle.uasset" 139
"../../../Engine/Content/VREditor/TransformGizmo/Main.uasset" 140
"../../../Engine/Content/VREditor/TransformGizmo/Xray.uasset" 141
"../../../Engine/Content/VREditor/TransformGizmo/SM_Sequencer_Key.uasset" 142
"../../../Engine/Content/VREditor/TransformGizmo/SM_Sequencer_Node.uasset" 143
"../../Plugins/2D/Paper2D/Content/PlaceholderTextures/DummySpriteTexture.uasset" 144
"../../Plugins/2D/Paper2D/Content/DummySprite.uasset" 145
"../../Plugins/2D/Paper2D/Content/DefaultPaperTerrainMaterial.uasset" 146
"../../Plugins/2D/Paper2D/Content/DefaultSpriteMaterial.uasset" 147
"../../Plugins/2D/Paper2D/Content/MaskedUnlitSpriteMaterial.uasset" 148
"../../Plugins/2D/Paper2D/Content/OpaqueUnlitSpriteMaterial.uasset" 149
"../../Plugins/Runtime/Oculus/OculusVR/Content/Materials/PokeAHoleMaterial.uasset" 150
"../../Plugins/Runtime/Oculus/OculusVR/Content/Textures/GearVRController_AO.uasset" 151
"../../Plugins/Runtime/Oculus/OculusVR/Content/Textures/GearVRController_Color.uasset" 152
"../../Plugins/Runtime/Oculus/OculusVR/Content/Textures/GearVRController_Normal.uasset" 153
"../../Plugins/Runtime/Oculus/OculusVR/Content/Materials/GearVRControllerMaterial.uasset" 154
"../../Plugins/Runtime/Oculus/OculusVR/Content/Meshes/GearVrController.uasset" 155
"../../Plugins/Runtime/Oculus/OculusVR/Content/Textures/touchController_albedo.uasset" 156
"../../Plugins/Runtime/Oculus/OculusVR/Content/Textures/touchController_controlmap.uasset" 157
"../../Plugins/Runtime/Oculus/OculusVR/Content/Materials/touchController_mat.uasset" 158
"../../Plugins/Runtime/Oculus/OculusVR/Content/Meshes/LeftTouchController.uasset" 159
"../../Plugins/Runtime/Oculus/OculusVR/Content/Meshes/RiftHMD.uasset" 160
"../../Plugins/Runtime/Oculus/OculusVR/Content/Meshes/RightTouchController.uasset" 161
"../../../Engine/Content/EditorBlueprintResources/StandardMacros.uasset" 162
"../../../../thegoodboy/Content/FirstPerson/Textures/FirstPersonCrosshair.uasset" 163
"../../../../thegoodboy/Content/FirstPersonBP/Blueprints/FirstPersonHUD.uasset" 164
"../../../../thegoodboy/Content/StarterContent/Textures/T_MacroVariation.uasset" 165
"../../../../thegoodboy/Content/StarterContent/Materials/M_Metal_Chrome.uasset" 166
"../../../../thegoodboy/Content/Levels/Meshes/angel/Material__1.uasset" 167
"../../../../thegoodboy/Content/Levels/Meshes/Monument_angels_Monument_angels.uasset" 168
"../../../../thegoodboy/Content/FirstPersonBP/Blueprints/itemPickup.uasset" 169
"../../../Engine/Content/Functions/Engine_MaterialFunctions02/Utility/BlendAngleCorrectedNormals.uasset" 170
"../../../../thegoodboy/Content/StarterContent/Textures/T_Detail_Rocky_N.uasset" 171
"../../../../thegoodboy/Content/StarterContent/Textures/T_Rock_Basalt_D.uasset" 172
"../../../../thegoodboy/Content/StarterContent/Textures/T_RockMesh_M.uasset" 173
"../../../../thegoodboy/Content/StarterContent/Textures/T_RockMesh_N.uasset" 174
"../../../../thegoodboy/Content/StarterContent/Props/Materials/M_Rock.uasset" 175
"../../../Engine/Content/BasicShapes/Cube.uasset" 176
"../../../../thegoodboy/Content/PlatformTesting/Platform.uasset" 177
"../../../../thegoodboy/Content/PlatformTesting/PlatformSpawner.uasset" 178
"../../../../thegoodboy/Content/FirstPerson/Meshes/BaseMaterial.uasset" 179
"../../../../thegoodboy/Content/FirstPerson/Meshes/FirstPersonProjectileMaterial.uasset" 180
"../../../../thegoodboy/Content/FirstPerson/Meshes/FirstPersonProjectileMesh.uasset" 181
"../../../../thegoodboy/Content/StarterContent/Audio/Explosion02.uasset" 182
"../../../../thegoodboy/Content/StarterContent/Textures/T_Fire_SubUV.uasset" 183
"../../../../thegoodboy/Content/StarterContent/Textures/T_Fire_Tiled_D.uasset" 184
"../../../../thegoodboy/Content/StarterContent/Particles/Materials/M_Fire_SubUV.uasset" 185
"../../../../thegoodboy/Content/StarterContent/Textures/T_Water_N.uasset" 186
"../../../../thegoodboy/Content/StarterContent/Particles/Materials/M_Heat_Distortion.uasset" 187
"../../../Engine/Content/Functions/Engine_MaterialFunctions01/Gradient/RadialGradient.uasset" 188
"../../../../thegoodboy/Content/StarterContent/Particles/Materials/M_Radial_Gradient.uasset" 189
"../../../../thegoodboy/Content/StarterContent/Textures/T_Smoke_SubUV.uasset" 190
"../../../../thegoodboy/Content/StarterContent/Textures/T_Smoke_Tiled_D.uasset" 191
"../../../../thegoodboy/Content/StarterContent/Particles/Materials/M_smoke_subUV.uasset" 192
"../../../../thegoodboy/Content/StarterContent/Textures/M_Fireball.uasset" 193
"../../../../thegoodboy/Content/StarterContent/Materials/M_Basic_Wall.uasset" 194
"../../../../thegoodboy/Content/StarterContent/Shapes/Shape_Sphere.uasset" 195
"../../../../thegoodboy/Content/StarterContent/Particles/P_Fireball.uasset" 196
"../../../../thegoodboy/Content/FirstPersonBP/Blueprints/FirstPersonProjectile.uasset" 197
"../../../Engine/Content/BasicShapes/BasicShapeMaterial.uasset" 198
"../../../Engine/Content/BasicShapes/Sphere.uasset" 199
"../../../../thegoodboy/Content/StarterContent/Textures/T_Rock_Basalt_N.uasset" 200
"../../../../thegoodboy/Content/M_Lava.uasset" 201
"../../../../thegoodboy/Content/Levels/Meshes/cerberus_1head.uasset" 202
"../../../../thegoodboy/Content/Levels/Meshes/cerberus_2heads.uasset" 203
"../../../../thegoodboy/Content/Levels/Meshes/cerberus_3heads.uasset" 204
"../../../../thegoodboy/Content/StarterContent/Textures/T_Burst_M.uasset" 205
"../../../../thegoodboy/Content/StarterContent/Particles/Materials/M_Burst.uasset" 206
"../../../../thegoodboy/Content/StarterContent/Textures/T_Explosion_SubUV.uasset" 207
"../../../../thegoodboy/Content/StarterContent/Particles/Materials/M_explosion_subUV.uasset" 208
"../../../../thegoodboy/Content/StarterContent/Particles/Materials/m_flare_01.uasset" 209
"../../../../thegoodboy/Content/StarterContent/Particles/Materials/M_radial_ramp.uasset" 210
"../../../../thegoodboy/Content/StarterContent/Particles/P_Explosion.uasset" 211
"../../../../thegoodboy/Content/Levels/BP_Boss.uasset" 212
"../../../../thegoodboy/Content/Levels/Widgets/HealthBar.uasset" 213
"../../../../thegoodboy/Content/Levels/Widgets/ProgressBar.uasset" 214
"../../../../thegoodboy/Content/FirstPersonBP/Blueprints/FirstPersonGameMode.uasset" 215
"../../../../thegoodboy/Content/StarterContent/Particles/Materials/M_Fire_SubUV2.uasset" 216
"../../../../thegoodboy/Content/StarterContent/Particles/Materials/M_Radial_Gradient2.uasset" 217
"../../../../thegoodboy/Content/StarterContent/Textures/M_AngleBall.uasset" 218
"../../../../thegoodboy/Content/StarterContent/Particles/P_AngleBall.uasset" 219
"../../../../thegoodboy/Content/FirstPersonBP/Blueprints/FirstPersonProjectileAngel.uasset" 220
"../../../../thegoodboy/Content/FireSound.uasset" 221
"../../../../thegoodboy/Content/FirstPerson/Audio/FirstPersonTemplateWeaponFire02.uasset" 222
"../../../../thegoodboy/Content/StarterContent/Particles/P_JumpHit.uasset" 223
"../../../../thegoodboy/Content/FirstPersonBP/Blueprints/FirstPersonCharacter.uasset" 224
"../../../../thegoodboy/Content/Levels/Sounds/DragonForce_-_Through_the_Fire_and_Flames.uasset" 225
"../../../../thegoodboy/Content/Levels/Sounds/startup.uasset" 226
"../../../../thegoodboy/Content/FirstPersonBP/Blueprints/MusicPlayer.uasset" 227
"../../../../thegoodboy/Content/13467_Cardigan_Welsh_Corgi_v1_L3_PhysicsAsset.uasset" 228
"../../../../thegoodboy/Content/13467_Cardigan_Welsh_Corgi_v1_L3_Skeleton.uasset" 229
"../../../../thegoodboy/Content/13467_Cardigan_Welsh_Corgi_v1_L3.uasset" 230
"../../../../thegoodboy/Content/FirstPersonBP/Blueprints/BP_Corgi.uasset" 231
"../../../../thegoodboy/Content/Geometry/Meshes/CubeMaterial.uasset" 232
"../../../../thegoodboy/Content/Geometry/Meshes/1M_Cube.uasset" 233
"../../../../thegoodboy/Content/FirstPersonBP/Blueprints/Lava.uasset" 234
"../../../../thegoodboy/Content/GoodSky/Source/Data/Curve/Curve_GoodSky_Stars.uasset" 235
"../../../../thegoodboy/Content/GoodSky/Source/Data/Curve/Curve_GoodSky_SunLight.uasset" 236
"../../../../thegoodboy/Content/GoodSky/Source/Data/Curve/Curve_GoodSky_AllOverlayColor.uasset" 237
"../../../../thegoodboy/Content/GoodSky/Source/Data/Curve/Curve_GoodSky_BaseCloudColor.uasset" 238
"../../../../thegoodboy/Content/GoodSky/Source/Data/Curve/Curve_GoodSky_DomeColor.uasset" 239
"../../../../thegoodboy/Content/GoodSky/Source/Data/Curve/Curve_GoodSky_horizon_Color.uasset" 240
"../../../../thegoodboy/Content/GoodSky/Source/Data/Curve/Curve_GoodSky_SunDirection_Vector.uasset" 241
"../../../../thegoodboy/Content/GoodSky/Source/Data/Structure/Structure_GoodSky.uasset" 242
"../../../../thegoodboy/Content/GoodSky/Source/Data/DataTable/DataTable_GoodSky.uasset" 243
"../../../Engine/Content/Functions/Engine_MaterialFunctions01/Gradient/LinearGradient.uasset" 244
"../../../../thegoodboy/Content/GoodSky/Source/Materials/Material_Function/MF_GoodSky_SkyDomeAlpha.uasset" 245
"../../../../thegoodboy/Content/GoodSky/Source/Materials/Material_Function/MF_GoodSky_Time.uasset" 246
"../../../../thegoodboy/Content/GoodSky/Source/Textures/T_GoodSky_clouds_A.uasset" 247
"../../../../thegoodboy/Content/GoodSky/Source/Textures/T_GoodSky_clouds_B.uasset" 248
"../../../../thegoodboy/Content/GoodSky/Source/Textures/T_GoodSky_clouds_F.uasset" 249
"../../../../thegoodboy/Content/GoodSky/Source/Textures/T_GoodSky_clouds_sphere.uasset" 250
"../../../../thegoodboy/Content/GoodSky/Source/Materials/M_GoodSky_Base.uasset" 251
"../../../Engine/Content/Functions/Engine_MaterialFunctions01/Density/ExponentialDensity.uasset" 252
"../../../Engine/Content/Functions/Engine_MaterialFunctions01/Gradient/RadialGradientExponential.uasset" 253
"../../../Engine/Content/Functions/Engine_MaterialFunctions01/Texturing/ScaleUVsAroundPoint.uasset" 254
"../../../../thegoodboy/Content/GoodSky/Source/Textures/T_GoodSky_Moon.uasset" 255
"../../../../thegoodboy/Content/GoodSky/Source/Materials/M_GoodSky_Moon.uasset" 256
"../../../Engine/Content/Functions/Engine_MaterialFunctions01/Texturing/ComputeMipLevel.uasset" 257
"../../../Engine/Content/Functions/Engine_MaterialFunctions01/Texturing/TextureCropping.uasset" 258
"../../../Engine/Content/Functions/Engine_MaterialFunctions02/Utility/BreakOutFloat3Components.uasset" 259
"../../../Engine/Content/Functions/Engine_MaterialFunctions02/ExampleContent/DebugNumberStrip.uasset" 260
"../../../Engine/Content/Functions/Engine_MaterialFunctions02/ExampleContent/Textures/DebugNumberPeriod.uasset" 261
"../../../Engine/Content/Functions/Engine_MaterialFunctions02/Utility/DebugScalarValues.uasset" 262
"../../../Engine/Content/Functions/Engine_MaterialFunctions02/Utility/DebugFloat3Values.uasset" 263
"../../../Engine/Content/Functions/Engine_MaterialFunctions02/Utility/MakeFloat3.uasset" 264
"../../../Engine/Content/Functions/Engine_MaterialFunctions02/Math/RGBtoHSV.uasset" 265
"../../../Engine/Content/Functions/Engine_MaterialFunctions02/Utility/BreakOutFloat4Components.uasset" 266
"../../../Engine/Content/Functions/Engine_MaterialFunctions02/Utility/DebugFloat4Values.uasset" 267
"../../../../thegoodboy/Content/GoodSky/Source/Textures/T_GoodSky_noise_smooth.uasset" 268
"../../../../thegoodboy/Content/GoodSky/Source/Materials/Material_Function/MF_GoodSky_LightningFlick.uasset" 269
"../../../../thegoodboy/Content/GoodSky/Source/Textures/T_GoodSky_Lightning.uasset" 270
"../../../../thegoodboy/Content/GoodSky/Source/Materials/M_GoodSky_Storm.uasset" 271
"../../../../thegoodboy/Content/GoodSky/Source/Textures/T_GoodSky_Stars.uasset" 272
"../../../../thegoodboy/Content/GoodSky/Source/Materials/M_GoodSky_Sun_Stars.uasset" 273
"../../../../thegoodboy/Content/GoodSky/Source/Data/Enum/Enum_GoodSky_Clouds_Coverage.uasset" 274
"../../../../thegoodboy/Content/GoodSky/Source/Data/Enum/Enum_GoodSky_Effects.uasset" 275
"../../../../thegoodboy/Content/GoodSky/Source/Data/Enum/Enum_GoodSky_MeshType.uasset" 276
"../../../../thegoodboy/Content/GoodSky/Source/Data/Enum/Enum_GoodSky_Preset.uasset" 277
"../../../../thegoodboy/Content/GoodSky/Source/Data/Enum/Enum_GoodSky_Style_Clouds.uasset" 278
"../../../../thegoodboy/Content/GoodSky/Source/Mesh/SM_GoodSky_Hemisphere.uasset" 279
"../../../../thegoodboy/Content/GoodSky/Source/Mesh/SM_GoodSky_Sphere.uasset" 280
"../../../../thegoodboy/Content/GoodSky/Source/Textures/T_GoodSky_clouds_C.uasset" 281
"../../../../thegoodboy/Content/GoodSky/Source/Textures/T_GoodSky_clouds_D.uasset" 282
"../../../../thegoodboy/Content/GoodSky/Source/Textures/T_GoodSky_clouds_E.uasset" 283
"../../../../thegoodboy/Content/GoodSky/Blueprint/BP_GoodSky.uasset" 284
"../../../../thegoodboy/Content/PlatformTesting/BP_FireballSpawner.uasset" 285
"../../../../thegoodboy/Content/Levels/Platforming_Level_1_BuiltData.uasset" 286
"../../../../thegoodboy/Content/Levels/Materials/TexturesCom_Rock_CliffVolcanic_512_albedo.uasset" 287
"../../../../thegoodboy/Content/Levels/Materials/TexturesCom_Rock_CliffVolcanic_512_ao.uasset" 288
"../../../../thegoodboy/Content/Levels/Materials/TexturesCom_Rock_CliffVolcanic_512_normal.uasset" 289
"../../../../thegoodboy/Content/Levels/Materials/TexturesCom_Rock_CliffVolcanic_512_roughness.uasset" 290
"../../../../thegoodboy/Content/Levels/Materials/Rock_Cliff.uasset" 291
"../../../Engine/Content/EngineMaterials/DefaultPhysicalMaterial.uasset" 292
"../../../../thegoodboy/Content/M_LavaParticle.uasset" 293
"../../../../thegoodboy/Content/LavaParticleMesh.uasset" 294
"../../../../thegoodboy/Content/LavaParticle.uasset" 295
"../../../../thegoodboy/Content/Levels/Materials/rocks_01_nm.uasset" 296
"../../../../thegoodboy/Content/Levels/Materials/rocks_01_spec.uasset" 297
"../../../../thegoodboy/Content/Levels/Materials/Rocks.uasset" 298
"../../../../thegoodboy/Content/Levels/Meshes/rocks_01_model_rock_01.uasset" 299
"../../../../thegoodboy/Content/Levels/Meshes/rocks_01_model_rock_02.uasset" 300
"../../../../thegoodboy/Content/Levels/Meshes/rocks_01_model_rock_04.uasset" 301
"../../../../thegoodboy/Content/Levels/Meshes/rocks_01_model_rock_05.uasset" 302
"../../../../thegoodboy/Content/Levels/Platforming_Level_1.umap" 303
"../../../../thegoodboy/Content/Levels/Menus/GameOver/ded_grad.uasset" 304
"../../../../thegoodboy/Content/Levels/Menus/GameOver/ded_quit.uasset" 305
"../../../../thegoodboy/Content/Levels/Menus/GameOver/ded_restart.uasset" 306
"../../../../thegoodboy/Content/Levels/Menus/GameOver/you_ded.uasset" 307
"../../../../thegoodboy/Content/Levels/Menus/MainMenu/Quit_Hover.uasset" 308
"../../../../thegoodboy/Content/Levels/Menus/MainMenu/Restart_Hover.uasset" 309
"../../../../thegoodboy/Content/Levels/Menus/MainMenu/UE4Editor_W31ocoi5gn.uasset" 310
"../../../../thegoodboy/Content/Levels/Menus/GameOver/Game_Over_Widget.uasset" 311
"../../../../thegoodboy/Content/Levels/Menus/GameOver/Game_Over_HUD.uasset" 312
"../../../../thegoodboy/Content/Levels/Menus/MainMenu/MenuController.uasset" 313
"../../../../thegoodboy/Content/Levels/Menus/GameOver/Game_Over_Mode.uasset" 314
"../../../../thegoodboy/Content/Levels/Menus/GameOver/Game_Over_Level.umap" 315
"../../../../thegoodboy/Content/Levels/Menus/MainMenu/Main_Menu_2.uasset" 316
"../../../../thegoodboy/Content/Levels/Menus/MainMenu/Menu_Title.uasset" 317
"../../../../thegoodboy/Content/Levels/Menus/MainMenu/Quit.uasset" 318
"../../../../thegoodboy/Content/Levels/Menus/MainMenu/Start.uasset" 319
"../../../../thegoodboy/Content/Levels/Menus/MainMenu/Start_Hover.uasset" 320
"../../../../thegoodboy/Content/Levels/Menus/MainMenu/Main_Menu_Widget.uasset" 321
"../../../../thegoodboy/Content/Levels/Menus/MainMenu/Main_Menu_HUD.uasset" 322
"../../../../thegoodboy/Content/Levels/Menus/MainMenu/Main_Menu_Mode.uasset" 323
"../../../../thegoodboy/Content/Levels/Menus/MainMenu/Main_Menu_Level_BuiltData.uasset" 324
"../../../../thegoodboy/Content/Levels/Menus/MainMenu/Main_Menu_Level.umap" 325
"../../../../thegoodboy/Content/Levels/Menus/MainMenu/Restart.uasset" 326
"../../../../thegoodboy/Content/Levels/Menus/Victory/corg_bone.uasset" 327
"../../../../thegoodboy/Content/Levels/Menus/Victory/victory.uasset" 328
"../../../../thegoodboy/Content/Levels/Menus/Victory/Victory_Widget.uasset" 329
"../../../../thegoodboy/Content/Levels/Menus/Victory/Victory_HUD.uasset" 330
"../../../../thegoodboy/Content/Levels/Menus/Victory/Victory_Mode.uasset" 331
"../../../../thegoodboy/Content/Levels/Menus/Victory/Victory_Level.umap" 332
"../../../Engine/Content/Maps/Entry_BuiltData.uasset" 333
"../../../Engine/Content/Maps/Entry.umap" 334
