"../../../Engine/Content/Functions/Engine_MaterialFunctions01/Opacity/CameraDepthFade.uasset" 0
"../../../Engine/Content/EngineMaterials/T_Default_Material_Grid_M.uasset" 1
"../../../Engine/Content/EngineMaterials/T_Default_Material_Grid_N.uasset" 2
"../../../Engine/Content/EngineMaterials/WorldGridMaterial.uasset" 3
"../../../Engine/Content/ArtTools/RenderToTexture/Meshes/S_1_Unit_Plane.uasset" 4
"../../../Engine/Content/EngineMaterials/DefaultMaterial.uasset" 5
"../../../Engine/Content/BasicShapes/Cone.uasset" 6
"../../../Engine/Content/BasicShapes/Cylinder.uasset" 7
"../../../Engine/Content/BasicShapes/Plane.uasset" 8
"../../../Engine/Content/BasicShapes/Sphere.uasset" 9
"../../../Engine/Content/EditorLandscapeResources/DataLayer.uasset" 10
"../../../Engine/Content/EditorMaterials/GizmoMaterial.uasset" 11
"../../../Engine/Content/EditorMaterials/MAT_Groups_Toggle.uasset" 12
"../../../Engine/Content/EditorMaterials/MAT_Groups_Visibility.uasset" 13
"../../../Engine/Content/EditorMaterials/PreviewShadowIndicator.uasset" 14
"../../../Engine/Content/EditorMaterials/PreviewShadowIndicatorMaterial.uasset" 15
"../../../Engine/Content/EditorMaterials/MatineeGroups/MAT_ColorTrack.uasset" 16
"../../../Engine/Content/EditorMaterials/MatineeGroups/MAT_Groups_Anim.uasset" 17
"../../../Engine/Content/EditorMaterials/MatineeGroups/MAT_Groups_AudioMaster.uasset" 18
"../../../Engine/Content/EditorMaterials/MatineeGroups/MAT_Groups_Director.uasset" 19
"../../../Engine/Content/EditorMaterials/MatineeGroups/MAT_Groups_Event.uasset" 20
"../../../Engine/Content/EditorMaterials/MatineeGroups/MAT_Groups_Fade.uasset" 21
"../../../Engine/Content/EditorMaterials/MatineeGroups/MAT_Groups_Float.uasset" 22
"../../../Engine/Content/EditorMaterials/MatineeGroups/MAT_Groups_Move.uasset" 23
"../../../Engine/Content/EditorMaterials/MatineeGroups/MAT_Groups_Slomo.uasset" 24
"../../../Engine/Content/EditorMaterials/MatineeGroups/MAT_Groups_Sound.uasset" 25
"../../../Engine/Content/EditorMaterials/MatineeGroups/MAT_Groups_Vector.uasset" 26
"../../../Engine/Content/EditorMaterials/ParticleSystems/PSysThumbnail_NoImage.uasset" 27
"../../../Engine/Content/EditorMaterials/ParticleSystems/PSysThumbnail_OOD.uasset" 28
"../../../Engine/Content/EditorMaterials/Camera/CineMat.uasset" 29
"../../../Engine/Content/EditorMaterials/Camera/MI_CineMat_Rig.uasset" 30
"../../../Engine/Content/EditorMeshes/Camera/SM_CraneRig_Arm.uasset" 31
"../../../Engine/Content/EditorMeshes/Camera/SM_CraneRig_Base.uasset" 32
"../../../Engine/Content/EditorMeshes/Camera/SM_CraneRig_Body.uasset" 33
"../../../Engine/Content/EditorMeshes/Camera/SM_CraneRig_Mount.uasset" 34
"../../../Engine/Content/EditorMeshes/Camera/SM_RailRig_Mount.uasset" 35
"../../../Engine/Content/EditorMeshes/Camera/SM_RailRig_Track.uasset" 36
"../../../Engine/Content/EditorResources/BSPVertex.uasset" 37
"../../../Engine/Content/EditorResources/EmptyActor.uasset" 38
"../../../Engine/Content/EditorResources/S_Actor.uasset" 39
"../../../Engine/Content/EditorResources/S_Trigger.uasset" 40
"../../../Engine/Content/EditorResources/LightIcons/S_LightError.uasset" 41
"../../../Engine/Content/EditorResources/SequenceRecorder/Countdown.uasset" 42
"../../../Engine/Content/EditorResources/SequenceRecorder/RecordingIndicator.uasset" 43
"../../../Engine/Content/EditorSounds/Notifications/CompileFailed.uasset" 44
"../../../Engine/Content/EditorSounds/Notifications/CompileFailed_Cue.uasset" 45
"../../../Engine/Content/EditorSounds/Notifications/CompileSuccess.uasset" 46
"../../../Engine/Content/EditorSounds/Notifications/CompileStart_Cue.uasset" 47
"../../../Engine/Content/EditorSounds/Notifications/CompileSuccess_Cue.uasset" 48
"../../../Engine/Content/EngineDamageTypes/DmgTypeBP_Environmental.uasset" 49
"../../../Engine/Content/EngineDebugMaterials/HeatmapGradient.uasset" 50
"../../../Engine/Content/EngineDebugMaterials/BoneWeightMaterial.uasset" 51
"../../../Engine/Content/EngineDebugMaterials/ClothMaterial.uasset" 52
"../../../Engine/Content/EngineDebugMaterials/ClothMaterial_WF.uasset" 53
"../../../Engine/Content/EngineDebugMaterials/DebugEditorMaterial.uasset" 54
"../../../Engine/Content/EngineDebugMaterials/DebugMeshMaterial.uasset" 55
"../../../Engine/Content/EngineDebugMaterials/GeomMaterial.uasset" 56
"../../../Engine/Content/EngineDebugMaterials/M_SimpleTranslucent.uasset" 57
"../../../Engine/Content/EngineFonts/Faces/RobotoBold.uasset" 58
"../../../Engine/Content/EngineFonts/Faces/RobotoBoldItalic.uasset" 59
"../../../Engine/Content/EngineFonts/Faces/RobotoItalic.uasset" 60
"../../../Engine/Content/EngineFonts/Faces/RobotoLight.uasset" 61
"../../../Engine/Content/EngineFonts/Faces/RobotoRegular.uasset" 62
"../../../Engine/Content/EngineFonts/Roboto.uasset" 63
"../../../Engine/Content/EngineFonts/Faces/RobotoTiny.uasset" 64
"../../../Engine/Content/EngineFonts/RobotoTiny.uasset" 65
"../../../Engine/Content/EngineMaterials/BaseFlattenDiffuseMap.uasset" 66
"../../../Engine/Content/EngineMaterials/BaseFlattenEmissiveMap.uasset" 67
"../../../Engine/Content/EngineMaterials/BaseFlattenGrayscaleMap.uasset" 68
"../../../Engine/Content/EngineMaterials/BaseFlattenNormalMap.uasset" 69
"../../../Engine/Content/EngineMaterials/BaseFlattenMaterial.uasset" 70
"../../../Engine/Content/EngineMaterials/DefaultBloomKernel.uasset" 71
"../../../Engine/Content/EngineMaterials/DefaultBokeh.uasset" 72
"../../../Engine/Content/EngineMaterials/DefaultDiffuse.uasset" 73
"../../../Engine/Content/EngineMaterials/DefaultDeferredDecalMaterial.uasset" 74
"../../../Engine/Content/EngineMaterials/DefaultLightFunctionMaterial.uasset" 75
"../../../Engine/Content/Functions/Engine_MaterialFunctions02/Utility/BreakOutFloat2Components.uasset" 76
"../../../Engine/Content/EngineMaterials/DefaultPostProcessMaterial.uasset" 77
"../../../Engine/Content/EngineFonts/RobotoDistanceField.uasset" 78
"../../../Engine/Content/EngineMaterials/DefaultTextMaterialOpaque.uasset" 79
"../../../Engine/Content/EngineMaterials/DefaultWhiteGrid.uasset" 80
"../../../Engine/Content/EngineMaterials/EditorBrushMaterial.uasset" 81
"../../../Engine/Content/EngineMaterials/Good64x64TilingNoiseHighFreq.uasset" 82
"../../../Engine/Content/EngineMaterials/MiniFont.uasset" 83
"../../../Engine/Content/EngineMaterials/InvalidLightmapSettings.uasset" 84
"../../../Engine/Content/EngineMaterials/M_InvalidLightmapSettings.uasset" 85
"../../../Engine/Content/Functions/Engine_MaterialFunctions02/WorldPositionOffset/CameraOffset.uasset" 86
"../../../Engine/Content/EngineMaterials/PhAT_JointLimitMaterial.uasset" 87
"../../../Engine/Content/EngineMaterials/PreintegratedSkinBRDF.uasset" 88
"../../../Engine/Content/EngineMaterials/RemoveSurfaceMaterial.uasset" 89
"../../../Engine/Content/EngineMaterials/WeightMapPlaceholderTexture.uasset" 90
"../../../Engine/Content/EngineResources/WhiteSquareTexture.uasset" 91
"../../../Engine/Content/EngineMaterials/Widget3DPassThrough.uasset" 92
"../../../Engine/Content/EngineMaterials/Widget3DPassThrough_Masked.uasset" 93
"../../../Engine/Content/EngineMaterials/Widget3DPassThrough_Opaque.uasset" 94
"../../../Engine/Content/EngineMaterials/Widget3DPassThrough_Masked_OneSided.uasset" 95
"../../../Engine/Content/EngineMaterials/Widget3DPassThrough_Opaque_OneSided.uasset" 96
"../../../Engine/Content/EngineMaterials/Widget3DPassThrough_Translucent.uasset" 97
"../../../Engine/Content/EngineMaterials/Widget3DPassThrough_Translucent_OneSided.uasset" 98
"../../../Engine/Content/EngineMeshes/Cylinder.uasset" 99
"../../../Engine/Content/EngineMeshes/Sphere.uasset" 100
"../../../Engine/Content/EngineResources/Black.uasset" 101
"../../../Engine/Content/EngineResources/DefaultTexture.uasset" 102
"../../../Engine/Content/EngineResources/DefaultTextureCube.uasset" 103
"../../../Engine/Content/EngineResources/DefaultVolumeTexture2D.uasset" 104
"../../../Engine/Content/EngineResources/DefaultVolumeTexture.uasset" 105
"../../../Engine/Content/EngineResources/GradientTexture0.uasset" 106
"../../../Engine/Content/EngineSounds/Master.uasset" 107
"../../../Engine/Content/Functions/Engine_MaterialFunctions01/Shading/ConvertFromDiffSpec.uasset" 108
"../../../Engine/Content/Functions/Engine_MaterialFunctions01/Shading/PowerToRoughness.uasset" 109
"../../../Engine/Content/Maps/Templates/Thumbnails/Default.uasset" 110
"../../../Engine/Content/Maps/Templates/Thumbnails/VR-Basic.uasset" 111
"../../../Engine/Content/MobileResources/T_MobileControls_texture.uasset" 112
"../../../Engine/Content/MobileResources/T_MobileMenu2.uasset" 113
"../../../Engine/Content/MobileResources/HUD/AnalogHat.uasset" 114
"../../../Engine/Content/MobileResources/HUD/VirtualJoystick_Background.uasset" 115
"../../../Engine/Content/MobileResources/HUD/VirtualJoystick_Thumb.uasset" 116
"../../../Engine/Content/MobileResources/HUD/DefaultVirtualJoysticks.uasset" 117
"../../../Engine/Content/MobileResources/HUD/LeftVirtualJoystickOnly.uasset" 118
"../../../Engine/Content/MobileResources/HUD/MobileHUDButton1_off.uasset" 119
"../../../Engine/Content/MobileResources/HUD/MobileHUDButton1_on.uasset" 120
"../../../Engine/Content/MobileResources/HUD/MobileHUDButton2_off.uasset" 121
"../../../Engine/Content/MobileResources/HUD/MobileHUDButton2_on.uasset" 122
"../../../Engine/Content/MobileResources/HUD/MobileHUDButton3.uasset" 123
"../../../Engine/Content/MobileResources/HUD/MobileHUDButtonFire.uasset" 124
"../../../Engine/Content/MobileResources/HUD/MobileHUDDirectionPad.uasset" 125
"../../../Engine/Content/MobileResources/HUD/MobileHUDDirectionPad2.uasset" 126
"../../../Engine/Content/MobileResources/HUD/MobileHUDDirectionPad3.uasset" 127
"../../../Engine/Content/MobileResources/HUD/MobileHUDDirectionStick.uasset" 128
"../../../Engine/Content/MobileResources/HUD/T_Castle_ThumbstickInner.uasset" 129
"../../../Engine/Content/MobileResources/HUD/T_Castle_ThumbstickOutter.uasset" 130
"../../../Engine/Content/Tutorial/ContentIntroCurve.uasset" 131
"../../../Engine/Content/Tutorial/Basics/TutorialAssets/icon_tab_Levels_40x.uasset" 132
"../../../Engine/Content/Tutorial/SubEditors/TutorialAssets/T_SmokeSubUV_8X8.uasset" 133
"../../../Engine/Content/Tutorial/SubEditors/TutorialAssets/T_soft_smoke.uasset" 134
"../../../Engine/Content/Tutorial/SubEditors/TutorialAssets/M_smoke_subUV_blackbody.uasset" 135
"../../../Engine/Content/Tutorial/SubEditors/TutorialAssets/TutorialParticleSystem.uasset" 136
"../../../Engine/Content/VREditor/LaserPointer/VR_LaserPower_01.uasset" 137
"../../../Engine/Content/VREditor/TransformGizmo/TransformGizmoMaterial.uasset" 138
"../../../Engine/Content/VREditor/TransformGizmo/TranslucentTransformGizmoMaterial.uasset" 139
"../../../Engine/Content/VREditor/TransformGizmo/BoundingBoxCorner.uasset" 140
"../../../Engine/Content/VREditor/TransformGizmo/BoundingBoxEdge.uasset" 141
"../../../Engine/Content/VREditor/TransformGizmo/PlaneTranslationHandle.uasset" 142
"../../../Engine/Content/VREditor/TransformGizmo/Main.uasset" 143
"../../../Engine/Content/VREditor/TransformGizmo/Xray.uasset" 144
"../../../Engine/Content/VREditor/TransformGizmo/SM_Sequencer_Key.uasset" 145
"../../../Engine/Content/VREditor/TransformGizmo/SM_Sequencer_Node.uasset" 146
"../../Plugins/2D/Paper2D/Content/PlaceholderTextures/DummySpriteTexture.uasset" 147
"../../Plugins/2D/Paper2D/Content/DummySprite.uasset" 148
"../../Plugins/2D/Paper2D/Content/DefaultPaperTerrainMaterial.uasset" 149
"../../Plugins/2D/Paper2D/Content/DefaultSpriteMaterial.uasset" 150
"../../Plugins/2D/Paper2D/Content/MaskedUnlitSpriteMaterial.uasset" 151
"../../Plugins/2D/Paper2D/Content/OpaqueUnlitSpriteMaterial.uasset" 152
"../../Plugins/Runtime/Oculus/OculusVR/Content/Materials/PokeAHoleMaterial.uasset" 153
"../../Plugins/Runtime/Oculus/OculusVR/Content/Textures/GearVRController_AO.uasset" 154
"../../Plugins/Runtime/Oculus/OculusVR/Content/Textures/GearVRController_Color.uasset" 155
"../../Plugins/Runtime/Oculus/OculusVR/Content/Textures/GearVRController_Normal.uasset" 156
"../../Plugins/Runtime/Oculus/OculusVR/Content/Materials/GearVRControllerMaterial.uasset" 157
"../../Plugins/Runtime/Oculus/OculusVR/Content/Meshes/GearVrController.uasset" 158
"../../Plugins/Runtime/Oculus/OculusVR/Content/Textures/touchController_albedo.uasset" 159
"../../Plugins/Runtime/Oculus/OculusVR/Content/Textures/touchController_controlmap.uasset" 160
"../../Plugins/Runtime/Oculus/OculusVR/Content/Materials/touchController_mat.uasset" 161
"../../Plugins/Runtime/Oculus/OculusVR/Content/Meshes/LeftTouchController.uasset" 162
"../../Plugins/Runtime/Oculus/OculusVR/Content/Meshes/RiftHMD.uasset" 163
"../../Plugins/Runtime/Oculus/OculusVR/Content/Meshes/RightTouchController.uasset" 164
"../../../Engine/Content/Functions/Engine_MaterialFunctions02/Utility/BlendAngleCorrectedNormals.uasset" 165
"../../../Engine/Content/Functions/MaterialLayerFunctions/MatLayerBlend_NormalBlend.uasset" 166
"../../../Engine/Content/Functions/MaterialLayerFunctions/MatLayerBlend_Simple.uasset" 167
"../../../../boo/Content/FirstPerson/FPWeapon/Materials/MaterialLayers/T_ML_Rubber_Blue_01_D.uasset" 168
"../../../../boo/Content/FirstPerson/FPWeapon/Materials/MaterialLayers/T_ML_Rubber_Blue_01_N.uasset" 169
"../../../../boo/Content/FirstPerson/FPWeapon/Materials/MaterialLayers/ML_GlossyBlack_Latex_UE4.uasset" 170
"../../../../boo/Content/FirstPerson/FPWeapon/Materials/MaterialLayers/ML_Plastic_Shiny_Beige.uasset" 171
"../../../../boo/Content/FirstPerson/FPWeapon/Materials/MaterialLayers/ML_Screen.uasset" 172
"../../../../boo/Content/FirstPerson/FPWeapon/Materials/MaterialLayers/T_ML_Aluminum01.uasset" 173
"../../../../boo/Content/FirstPerson/FPWeapon/Materials/MaterialLayers/T_ML_Aluminum01_N.uasset" 174
"../../../../boo/Content/FirstPerson/FPWeapon/Materials/MaterialLayers/ML_SoftMetal_UE4.uasset" 175
"../../../../boo/Content/FirstPerson/FPWeapon/Textures/T_FPGun_M.uasset" 176
"../../../../boo/Content/FirstPerson/FPWeapon/Textures/T_FPGun_N.uasset" 177
"../../../../boo/Content/FirstPerson/FPWeapon/Materials/M_FPGun.uasset" 178
"../../../../boo/Content/FirstPerson/FPWeapon/Mesh/SK_FPGun_Skeleton.uasset" 179
"../../../../boo/Content/FirstPerson/FPWeapon/Mesh/SK_FPGun.uasset" 180
"../../../../boo/Content/Models/Boo_Statue/t0063_0.uasset" 181
"../../../../boo/Content/Models/Boo_Statue/mesh0063mat.uasset" 182
"../../../../boo/Content/Models/Boo_Statue/boostatue_mesh0064.uasset" 183
"../../../../boo/Content/AI/AI_Character.uasset" 184
"../../../../boo/Content/AI_Helper/PathNode.uasset" 185
"../../../Engine/Content/EditorBlueprintResources/StandardMacros.uasset" 186
"../../../Engine/Content/EngineSky/C_Sky_Cloud_Color.uasset" 187
"../../../Engine/Content/EngineSky/C_Sky_Horizon_Color.uasset" 188
"../../../Engine/Content/EngineSky/C_Sky_Zenith_Color.uasset" 189
"../../../Engine/Content/EngineSky/T_Sky_Blue.uasset" 190
"../../../Engine/Content/EngineSky/T_Sky_Clouds_M.uasset" 191
"../../../Engine/Content/EngineSky/T_Sky_Stars.uasset" 192
"../../../Engine/Content/EngineSky/M_Sky_Panning_Clouds2.uasset" 193
"../../../Engine/Content/EngineSky/SM_SkySphere.uasset" 194
"../../../Engine/Content/EngineSky/BP_Sky_Sphere.uasset" 195
"../../../../boo/Content/Blueprints/Flashlight_Meter.uasset" 196
"../../../../boo/Content/Geometry/Meshes/Flashlight/bulb_.uasset" 197
"../../../../boo/Content/Geometry/Meshes/Flashlight/flashlight_bulb.uasset" 198
"../../../../boo/Content/Geometry/Meshes/Flashlight/bulb_reflector.uasset" 199
"../../../../boo/Content/Geometry/Meshes/Flashlight/flashlight_bulbHolder.uasset" 200
"../../../../boo/Content/Geometry/Meshes/Flashlight/flashlight_body.uasset" 201
"../../../../boo/Content/Geometry/Meshes/Flashlight/flashlight_flashlightBody.uasset" 202
"../../../../boo/Content/Geometry/Meshes/Flashlight/lens_.uasset" 203
"../../../../boo/Content/Geometry/Meshes/Flashlight/flashlight_lens.uasset" 204
"../../../../boo/Content/Geometry/Meshes/Flashlight/switch_.uasset" 205
"../../../../boo/Content/Geometry/Meshes/Flashlight/flashlight_switch1.uasset" 206
"../../../../boo/Content/Blueprints/BP_Flashlight.uasset" 207
"../../../../boo/Content/FirstPersonBP/Blueprints/HeadBobbing.uasset" 208
"../../../../boo/Content/FirstPersonBP/Blueprints/MyCharacterCameraShake.uasset" 209
"../../../../boo/Content/FirstPersonBP/Blueprints/MyFirstPersonCharacter.uasset" 210
"../../../Engine/Content/BasicShapes/BasicShapeMaterial.uasset" 211
"../../../../boo/Content/Models/Mario_s_Star/Mario_s_Star_Image.uasset" 212
"../../../../boo/Content/Models/Mario_s_Star/Mario_s_Star_Image_Mat.uasset" 213
"../../../Engine/Content/BasicShapes/Cube.uasset" 214
"../../../../boo/Content/Models/Mario_s_Star/Mario_s_Star.uasset" 215
"../../../../boo/Content/Models/Toad_Character/Toad_body.uasset" 216
"../../../../boo/Content/Models/Toad_Character/01___Default.uasset" 217
"../../../../boo/Content/Models/Toad_Character/Toad_eye.uasset" 218
"../../../../boo/Content/Models/Toad_Character/02___Default.uasset" 219
"../../../../boo/Content/Models/Toad_Character/Toad.uasset" 220
"../../../../boo/Content/Blueprints/BP_Shop.uasset" 221
"../../../../boo/Content/FirstPersonBP/Blueprints/FirstPersonGameMode.uasset" 222
"../../../../boo/Content/FirstPersonBP/Maps/FirstPersonExampleMap_BuiltData.uasset" 223
"../../../Engine/Content/Functions/Engine_MaterialFunctions03/Procedurals/ComputeFilterWidth.uasset" 224
"../../../Engine/Content/EngineMaterials/AntiAliasedTextMaterialTranslucent.uasset" 225
"../../../../boo/Content/FirstPerson/Meshes/BaseMaterial.uasset" 226
"../../../../boo/Content/FirstPerson/Meshes/CubeMaterialOverride.uasset" 227
"../../../../boo/Content/Geometry/Meshes/CubeMaterial.uasset" 228
"../../../../boo/Content/Geometry/Meshes/1M_Cube.uasset" 229
"../../../../boo/Content/FirstPersonBP/Maps/FirstPersonExampleMap.umap" 230
"../../../../boo/Content/Sounds/Crickets.uasset" 231
"../../../../boo/Content/Sounds/Footsteps/footstep1.uasset" 232
"../../../../boo/Content/Sounds/Footsteps/footstep2.uasset" 233
"../../../../boo/Content/Sounds/Footsteps/footstep3.uasset" 234
"../../../../boo/Content/Sounds/Footsteps/footstep4.uasset" 235
"../../../../boo/Content/Sounds/VoiceLines/mlpit_luigi_cry_1.uasset" 236
"../../../../boo/Content/Sounds/VoiceLines/mlpit_luigi_cry_2.uasset" 237
"../../../../boo/Content/Sounds/VoiceLines/mlpit_luigi_cry_3.uasset" 238
"../../../../boo/Content/Sounds/VoiceLines/mlpit_luigi_help.uasset" 239
"../../../../boo/Content/Sounds/VoiceLines/mlpit_luigi_mamma-mia_1.uasset" 240
"../../../../boo/Content/Sounds/VoiceLines/mlpit_luigi_mamma-mia_2.uasset" 241
"../../../../boo/Content/Sounds/VoiceLines/mlpit_luigi_no.uasset" 242
"../../../../boo/Content/Sounds/VoiceLines/mlpit_luigi_oh_no.uasset" 243
"../../../../boo/Content/Sounds/VoiceLines/mlpit_luigi_sigh.uasset" 244
"../../../../boo/Content/Sounds/SoundManager.uasset" 245
"../../../../boo/Content/Models/battery_pack/Image_2D_0002_0018.uasset" 246
"../../../../boo/Content/Models/battery_pack/battery_0.uasset" 247
"../../../../boo/Content/Models/battery_pack/battery_pack.uasset" 248
"../../../../boo/Content/Blueprints/BP_Batteries.uasset" 249
"../../../../boo/Content/Models/Tombstone/Tombstone/Tex_0000_0.uasset" 250
"../../../../boo/Content/Models/Tombstone/Tombstone/Tex_0000_0_png.uasset" 251
"../../../../boo/Content/Models/Tombstone/Tombstone/Tombstone.uasset" 252
"../../../../boo/Content/Blueprints/BP_Grave.uasset" 253
"../../../../boo/Content/Models/Boo_Statue/boostatue_mesh0063.uasset" 254
"../../../../boo/Content/Models/Boo_Statue/BP_BooStatue.uasset" 255
"../../../../boo/Content/Models/Candle/texture4.uasset" 256
"../../../../boo/Content/Models/Candle/Material_031.uasset" 257
"../../../../boo/Content/Models/Candle/texture2.uasset" 258
"../../../../boo/Content/Models/Candle/Material_032.uasset" 259
"../../../../boo/Content/Models/Candle/texture3.uasset" 260
"../../../../boo/Content/Models/Candle/Material_033.uasset" 261
"../../../../boo/Content/Models/Candle/osoku.uasset" 262
"../../../../boo/Content/Models/Table/texture4.uasset" 263
"../../../../boo/Content/Models/Table/Material_042.uasset" 264
"../../../../boo/Content/Models/Table/texture3.uasset" 265
"../../../../boo/Content/Models/Table/Material_043.uasset" 266
"../../../../boo/Content/Models/Table/otukue2.uasset" 267
"../../../../boo/Content/StarterContent/Textures/T_Fire_SubUV.uasset" 268
"../../../../boo/Content/StarterContent/Textures/T_Fire_Tiled_D.uasset" 269
"../../../../boo/Content/StarterContent/Particles/Materials/M_Fire_SubUV.uasset" 270
"../../../../boo/Content/StarterContent/Textures/T_Water_N.uasset" 271
"../../../../boo/Content/StarterContent/Particles/Materials/M_Heat_Distortion.uasset" 272
"../../../../boo/Content/StarterContent/Textures/T_Smoke_SubUV.uasset" 273
"../../../../boo/Content/StarterContent/Textures/T_Smoke_Tiled_D.uasset" 274
"../../../../boo/Content/StarterContent/Particles/Materials/M_smoke_subUV.uasset" 275
"../../../../boo/Content/StarterContent/Particles/P_Flame.uasset" 276
"../../../../boo/Content/Models/Candle/BP_Candle.uasset" 277
"../../../../boo/Content/Models/Coin/CoinBody00_alb.uasset" 278
"../../../../boo/Content/Models/Coin/CoinBody00_nrm.uasset" 279
"../../../../boo/Content/Models/Coin/BodyMT.uasset" 280
"../../../../boo/Content/Models/Coin/Coin_PhysicsAsset.uasset" 281
"../../../../boo/Content/Models/Coin/Coin_Skeleton.uasset" 282
"../../../../boo/Content/Models/Coin/Coin.uasset" 283
"../../../../boo/Content/Models/Coin/BP_Coin.uasset" 284
"../../../../boo/Content/FirstPersonBP/Maps/Main_BuiltData.uasset" 285
"../../../../boo/Content/StarterContent/Textures/T_Ground_Grass_D.uasset" 286
"../../../../boo/Content/StarterContent/Textures/T_Ground_Grass_N.uasset" 287
"../../../../boo/Content/StarterContent/Textures/T_MacroVariation.uasset" 288
"../../../../boo/Content/StarterContent/Textures/T_Perlin_Noise_M.uasset" 289
"../../../../boo/Content/StarterContent/Materials/M_Ground_Grass.uasset" 290
"../../../Engine/Content/EngineMaterials/DefaultPhysicalMaterial.uasset" 291
"../../../../boo/Content/Models/Dead_Tree_2/Fallen_Tree/MODELS_bin_031_000.uasset" 292
"../../../../boo/Content/Models/Dead_Tree_2/Fallen_Tree/defaultMat.uasset" 293
"../../../../boo/Content/Models/Dead_Tree_2/Fallen_Tree/Fallen_Tree.uasset" 294
"../../../../boo/Content/StarterContent/Textures/T_Metal_Steel_D.uasset" 295
"../../../../boo/Content/StarterContent/Textures/T_Metal_Steel_N.uasset" 296
"../../../../boo/Content/Models/Star/metal.uasset" 297
"../../../../boo/Content/Models/Star/fence01_fence001.uasset" 298
"../../../../boo/Content/FirstPersonBP/Maps/Main.umap" 299
"../../../../boo/Content/FirstPersonBP/UI/MainMenu.uasset" 300
"../../../../boo/Content/FirstPersonBP/Maps/MainMenu.umap" 301
"../../../Engine/Content/Maps/Entry_BuiltData.uasset" 302
"../../../Engine/Content/Maps/Entry.umap" 303
